MyApplication/app/build/intermediates/manifest_merge_blame_file/debug/manifest-merger-blame-debug-report.txt
1<?xml version="1.0" encoding="utf-8"?>
2<manifest xmlns:android="http://schemas.android.com/apk/res/android"
3    package="com.example.myapplication"
4    android:versionCode="1"
5    android:versionName="1.0" >
6
7    <uses-sdk
8        android:minSdkVersion="24"
8-->src\main\AndroidManifest.xml
9        android:targetSdkVersion="29" />
9-->src\main\AndroidManifest.xml
10
11    <application
11-->src\main\AndroidManifest.xml:5:5-35:19
12        android:allowBackup="true"
12-->src\main\AndroidManifest.xml:6:9-35
13        android:appComponentFactory="android.support.v4.app.CoreComponentFactory"
13-->[com.android.support:support-compat:28.0.0] AndroidManifest.xml:22:18-91
14        android:debuggable="true"
15        android:extractNativeLibs="false"
16        android:icon="@mipmap/ic_launcher"
16-->src\main\AndroidManifest.xml:7:9-43
17        android:label="splash"
17-->src\main\AndroidManifest.xml:8:9-31
18        android:roundIcon="@mipmap/ic_launcher_round"
18-->src\main\AndroidManifest.xml:9:9-54
19        android:supportsRtl="true"
19-->src\main\AndroidManifest.xml:10:9-35
20        android:testOnly="true"
21        android:theme="@style/AppTheme" >
21-->src\main\AndroidManifest.xml:11:9-40
22        <activity android:name="com.example.myapplication.ayudaPaginaPrincipal" />
22-->src\main\AndroidManifest.xml:12:9-67
22-->src\main\AndroidManifest.xml:12:19-55
23        <activity android:name="com.example.myapplication.ayudaQuienSoy" />
23-->src\main\AndroidManifest.xml:13:9-51
23-->src\main\AndroidManifest.xml:13:19-48
24        <activity android:name="com.example.myapplication.ayudaContador" />
24-->src\main\AndroidManifest.xml:14:9-51
24-->src\main\AndroidManifest.xml:14:19-48
25        <activity android:name="com.example.myapplication.adivinaNumero" />
25-->src\main\AndroidManifest.xml:15:9-51
25-->src\main\AndroidManifest.xml:15:19-48
26        <activity android:name="com.example.myapplication.contador" />
26-->src\main\AndroidManifest.xml:16:9-46
26-->src\main\AndroidManifest.xml:16:19-43
27        <activity android:name="com.example.myapplication.quienSoy" />
27-->src\main\AndroidManifest.xml:17:9-46
27-->src\main\AndroidManifest.xml:17:19-43
28        <activity android:name="com.example.myapplication.registro" >
28-->src\main\AndroidManifest.xml:18:9-24:20
28-->src\main\AndroidManifest.xml:18:19-43
29            <intent-filter>
29-->src\main\AndroidManifest.xml:19:13-23:29
30                <action android:name="android.intent.action.MAIN" />
30-->src\main\AndroidManifest.xml:20:17-69
30-->src\main\AndroidManifest.xml:20:25-66
31
32                <category android:name="android.intent.category.LAUNCHER" />
32-->src\main\AndroidManifest.xml:22:17-77
32-->src\main\AndroidManifest.xml:22:27-74
33            </intent-filter>
34        </activity>
35        <activity android:name="com.example.myapplication.Activityloguear" />
35-->src\main\AndroidManifest.xml:25:9-53
35-->src\main\AndroidManifest.xml:25:19-50
36        <activity
36-->src\main\AndroidManifest.xml:26:9-34:20
37            android:name="com.example.myapplication.MainActivity"
37-->src\main\AndroidManifest.xml:27:13-41
38            android:theme="@style/SplashTheme" >
38-->src\main\AndroidManifest.xml:28:13-47
39            <intent-filter>
39-->src\main\AndroidManifest.xml:19:13-23:29
40                <action android:name="android.intent.action.MAIN" />
40-->src\main\AndroidManifest.xml:20:17-69
40-->src\main\AndroidManifest.xml:20:25-66
41
42                <category android:name="android.intent.category.LAUNCHER" />
42-->src\main\AndroidManifest.xml:22:17-77
42-->src\main\AndroidManifest.xml:22:27-74
43            </intent-filter>
44        </activity>
45    </application>
46
47</manifest>